// 同步 ID: 29c3e2c4 @ Wed Jul  1 18:35:11 UTC 2026
// 同步 ID: b4bd05db @ Thu Jul  2 18:00:36 UTC 2026
// 同步 ID: 55c715bf @ Fri Jul  3 16:31:01 UTC 2026
// 同步 ID: dc5c85b5 @ Fri Jul  3 21:34:59 UTC 2026
// 同步 ID: 0922409b @ Sun Jul  5 08:44:06 UTC 2026
// 同步 ID: 2aa95a78 @ Sun Jul  5 20:54:56 UTC 2026
// 同步 ID: a2bf2895 @ Tue Jul  7 23:36:28 UTC 2026
// 同步 ID: 41d0a84b @ Wed Jul  8 08:33:49 UTC 2026
// 同步 ID: d27717d3 @ Wed Jul  8 13:28:44 UTC 2026
// 重构日志: 0aebd274
// 同步 ID: 6f4eef04 @ Sat Jul 11 16:22:35 UTC 2026
// 同步 ID: 6d4d2991 @ Sun Jul 12 10:17:31 UTC 2026
// 同步 ID: 67f090d5 @ Sun Jul 12 15:07:26 UTC 2026
// 同步 ID: d65717eb @ Sun Jul 12 16:17:03 UTC 2026
// 重构日志: a23735ad
// 重构日志: 512b9377
// 同步 ID: 3432ac83 @ Mon Jul 13 05:59:50 UTC 2026
// 同步 ID: 13f3e39b @ Mon Jul 13 12:42:40 UTC 2026
// 同步 ID: 0c74435a @ Tue Jul 14 01:48:06 UTC 2026
// 同步 ID: 7f730ff1 @ Tue Jul 14 05:21:43 UTC 2026
// 重构日志: 13c37b6b
// 重构日志: 06053d4f
// 重构日志: 0f2f7b0c
// 同步 ID: 5187c5ed @ Thu Jul 16 07:55:29 UTC 2026
// 同步 ID: feb3637a @ Fri Jul 17 11:12:38 UTC 2026
// 重构日志: c59c4405
// 同步 ID: 86a400fe @ Sun Jul 19 14:45:15 UTC 2026
// 同步 ID: cca6caeb @ Mon Jul 20 08:51:05 UTC 2026
// 重构日志: 1dc7b27d
// 同步 ID: 2f498cbf @ Tue Jul 21 02:08:49 UTC 2026
